Wirelength 247329

NumHardBlocks 100
hb0 170 362 1
hb1 0 67 1
hb2 274 255 1
hb3 300 0 0
hb4 87 406 1
hb5 189 311 0
hb6 426 311 1
hb7 203 362 0
hb8 53 133 0
hb9 423 362 0
hb10 168 255 0
hb11 272 196 0
hb12 272 0 1
hb13 394 196 0
hb14 398 67 1
hb15 96 196 1
hb16 236 196 0
hb17 131 67 0
hb18 0 311 0
hb19 205 196 0
hb20 128 362 1
hb21 348 67 1
hb22 213 255 1
hb23 169 311 0
hb24 264 311 1
hb25 52 255 1
hb26 91 255 1
hb27 265 67 0
hb28 387 311 0
hb29 272 133 0
hb30 161 406 0
hb31 248 362 0
hb32 399 255 0
hb33 65 406 0
hb34 308 255 0
hb35 359 362 0
hb36 216 0 0
hb37 252 133 0
hb38 148 196 0
hb39 0 255 0
hb40 20 406 0
hb41 247 255 0
hb42 0 133 1
hb43 296 133 1
hb44 84 67 1
hb45 225 362 0
hb46 337 362 1
hb47 232 67 1
hb48 311 196 1
hb49 37 67 0
hb50 144 0 1
hb51 196 133 0
hb52 354 255 1
hb53 27 362 1
hb54 234 133 0
hb55 171 196 0
hb56 290 67 0
hb57 292 311 0
hb58 48 311 1
hb59 310 311 1
hb60 147 362 1
hb61 138 406 1
hb62 103 133 1
hb63 228 311 0
hb64 82 311 1
hb65 338 196 1
hb66 0 0 1
hb67 129 311 1
hb68 122 133 0
hb69 186 255 1
hb70 48 362 0
hb71 175 67 1
hb72 342 133 0
hb73 83 0 0
hb74 90 362 0
hb75 46 406 0
hb76 185 406 0
hb77 337 0 1
hb78 106 406 1
hb79 307 67 1
hb80 80 196 0
hb81 347 311 0
hb82 33 196 0
hb83 223 406 1
hb84 61 0 1
hb85 0 406 0
hb86 131 255 1
hb87 274 362 0
hb88 313 362 1
hb89 0 362 1
hb90 390 362 1
hb91 0 196 1
hb92 207 406 1
hb93 197 67 1
hb94 403 133 0
hb95 335 255 1
hb96 176 0 0
hb97 255 0 0
hb98 174 133 0
hb99 394 0 0
