Wirelength 229122

NumHardBlocks 100
hb0 89 362 1
hb1 0 67 1
hb2 252 255 1
hb3 317 0 0
hb4 220 406 1
hb5 96 311 0
hb6 135 311 1
hb7 352 362 0
hb8 295 133 0
hb9 297 362 0
hb10 37 255 0
hb11 320 196 0
hb12 354 0 1
hb13 272 196 0
hb14 257 67 1
hb15 67 196 1
hb16 166 196 0
hb17 131 67 0
hb18 396 311 0
hb19 218 196 0
hb20 122 362 1
hb21 300 67 1
hb22 329 255 1
hb23 40 311 0
hb24 229 311 1
hb25 95 255 1
hb26 55 255 1
hb27 175 67 0
hb28 153 311 0
hb29 230 133 0
hb30 43 406 0
hb31 0 362 0
hb32 286 255 0
hb33 112 406 0
hb34 134 255 0
hb35 242 362 0
hb36 115 0 0
hb37 71 133 0
hb38 249 196 0
hb39 390 255 0
hb40 86 406 0
hb41 225 255 0
hb42 391 133 1
hb43 345 133 1
hb44 37 67 1
hb45 164 362 0
hb46 187 362 1
hb47 350 67 1
hb48 415 196 1
hb49 84 67 0
hb50 61 0 1
hb51 131 133 0
hb52 161 255 1
hb53 26 362 1
hb54 113 133 0
hb55 33 196 0
hb56 383 67 0
hb57 257 311 0
hb58 275 311 1
hb59 192 311 1
hb60 141 362 1
hb61 0 406 1
hb62 52 133 1
hb63 60 311 0
hb64 349 311 1
hb65 359 196 1
hb66 382 0 1
hb67 0 311 1
hb68 0 133 0
hb69 363 255 1
hb70 47 362 0
hb71 200 67 1
hb72 169 133 0
hb73 0 0 0
hb74 374 362 0
hb75 67 406 0
hb76 166 406 0
hb77 260 0 1
hb78 134 406 1
hb79 400 67 1
hb80 202 196 0
hb81 309 311 0
hb82 119 196 0
hb83 204 406 1
hb84 93 0 1
hb85 23 406 0
hb86 0 255 1
hb87 313 362 0
hb88 273 362 1
hb89 412 362 1
hb90 209 362 1
hb91 0 196 1
hb92 188 406 1
hb93 222 67 1
hb94 254 133 0
hb95 206 255 1
hb96 220 0 0
hb97 203 0 0
hb98 91 133 0
hb99 154 0 0
